<?xml version="1.0" encoding="UTF-8"?>
<!-- Generated by org.testng.reporters.JUnitXMLReporter -->
<testsuite hostname="DESKTOP-TDJ6NPK" ignored="6" name="Test" tests="4" failures="0" timestamp="2022-03-02T01:12:20 IST" time="6.974" errors="0">
  <testcase name="http_Post_Request_Test" time="6.148" classname="com.requests.HttpMethodsTestScript.Http_Post_Request_Test"/>
  <testcase name="http_Get_Request_Test" time="0.331" classname="com.requests.HttpMethodsTestScript.Http_Get_Request_Test"/>
  <testcase name="http_Post_Request_Test" time="0.184" classname="com.requests.HttpMethodsTestScript.Http_Put_Request_Test"/>
  <testcase name="http_Delete_Request_Test" time="0.16" classname="com.requests.HttpMethodsTestScript.Http_Delete_Request_Test"/>
  <testcase name="@BeforeSuite dataBaseConnection" time="0.0" classname="com.restassuredproject.genericUtils.ApiBaseClass">
    <ignored/>
  </testcase> <!-- @BeforeSuite dataBaseConnection -->
  <testcase name="@BeforeSuite dataBaseConnection" time="0.0" classname="com.restassuredproject.genericUtils.ApiBaseClass">
    <ignored/>
  </testcase> <!-- @BeforeSuite dataBaseConnection -->
  <testcase name="@BeforeSuite dataBaseConnection" time="0.0" classname="com.restassuredproject.genericUtils.ApiBaseClass">
    <ignored/>
  </testcase> <!-- @BeforeSuite dataBaseConnection -->
  <testcase name="@AfterSuite dataBaseConnectionClosed" time="0.0" classname="com.restassuredproject.genericUtils.ApiBaseClass">
    <ignored/>
  </testcase> <!-- @AfterSuite dataBaseConnectionClosed -->
  <testcase name="@AfterSuite dataBaseConnectionClosed" time="0.0" classname="com.restassuredproject.genericUtils.ApiBaseClass">
    <ignored/>
  </testcase> <!-- @AfterSuite dataBaseConnectionClosed -->
  <testcase name="@AfterSuite dataBaseConnectionClosed" time="0.0" classname="com.restassuredproject.genericUtils.ApiBaseClass">
    <ignored/>
  </testcase> <!-- @AfterSuite dataBaseConnectionClosed -->
</testsuite> <!-- Test -->
